{"C:\\Users\\Usuario\\Documents\\technical-test\\controllers\\userController.js": {"path":"C:\\Users\\Usuario\\Documents\\technical-test\\controllers\\userController.js","statementMap":{"0":{"start":{"line":42,"column":2},"end":{"line":66,"column":3}},"1":{"start":{"line":43,"column":32},"end":{"line":43,"column":40}},"2":{"start":{"line":45,"column":24},"end":{"line":45,"column":53}},"3":{"start":{"line":47,"column":4},"end":{"line":57,"column":5}},"4":{"start":{"line":48,"column":6},"end":{"line":56,"column":7}},"5":{"start":{"line":49,"column":8},"end":{"line":49,"column":76}},"6":{"start":{"line":52,"column":8},"end":{"line":52,"column":37}},"7":{"start":{"line":53,"column":8},"end":{"line":53,"column":40}},"8":{"start":{"line":54,"column":8},"end":{"line":54,"column":33}},"9":{"start":{"line":55,"column":8},"end":{"line":55,"column":65}},"10":{"start":{"line":59,"column":20},"end":{"line":59,"column":79}},"11":{"start":{"line":60,"column":4},"end":{"line":60,"column":61}},"12":{"start":{"line":62,"column":4},"end":{"line":62,"column":61}},"13":{"start":{"line":63,"column":4},"end":{"line":65,"column":66}},"14":{"start":{"line":70,"column":2},"end":{"line":116,"column":3}},"15":{"start":{"line":76,"column":4},"end":{"line":80,"column":5}},"16":{"start":{"line":77,"column":6},"end":{"line":79,"column":9}},"17":{"start":{"line":81,"column":4},"end":{"line":85,"column":5}},"18":{"start":{"line":82,"column":6},"end":{"line":84,"column":9}},"19":{"start":{"line":86,"column":17},"end":{"line":89,"column":6}},"20":{"start":{"line":91,"column":4},"end":{"line":95,"column":5}},"21":{"start":{"line":92,"column":6},"end":{"line":94,"column":9}},"22":{"start":{"line":99,"column":26},"end":{"line":102,"column":5}},"23":{"start":{"line":105,"column":4},"end":{"line":112,"column":5}},"24":{"start":{"line":106,"column":20},"end":{"line":109,"column":7}},"25":{"start":{"line":111,"column":6},"end":{"line":111,"column":40}},"26":{"start":{"line":113,"column":4},"end":{"line":113,"column":71}},"27":{"start":{"line":115,"column":4},"end":{"line":115,"column":60}},"28":{"start":{"line":120,"column":2},"end":{"line":130,"column":3}},"29":{"start":{"line":121,"column":22},"end":{"line":121,"column":33}},"30":{"start":{"line":122,"column":17},"end":{"line":122,"column":43}},"31":{"start":{"line":124,"column":4},"end":{"line":126,"column":5}},"32":{"start":{"line":125,"column":6},"end":{"line":125,"column":65}},"33":{"start":{"line":127,"column":4},"end":{"line":127,"column":41}},"34":{"start":{"line":129,"column":4},"end":{"line":129,"column":53}},"35":{"start":{"line":134,"column":2},"end":{"line":148,"column":3}},"36":{"start":{"line":135,"column":19},"end":{"line":135,"column":30}},"37":{"start":{"line":136,"column":17},"end":{"line":136,"column":40}},"38":{"start":{"line":137,"column":4},"end":{"line":139,"column":5}},"39":{"start":{"line":138,"column":6},"end":{"line":138,"column":65}},"40":{"start":{"line":141,"column":4},"end":{"line":141,"column":32}},"41":{"start":{"line":142,"column":4},"end":{"line":142,"column":32}},"42":{"start":{"line":143,"column":4},"end":{"line":143,"column":22}},"43":{"start":{"line":144,"column":4},"end":{"line":144,"column":74}},"44":{"start":{"line":146,"column":4},"end":{"line":146,"column":23}},"45":{"start":{"line":147,"column":4},"end":{"line":147,"column":60}},"46":{"start":{"line":152,"column":2},"end":{"line":173,"column":3}},"47":{"start":{"line":153,"column":19},"end":{"line":153,"column":30}},"48":{"start":{"line":154,"column":32},"end":{"line":154,"column":40}},"49":{"start":{"line":156,"column":23},"end":{"line":159,"column":6}},"50":{"start":{"line":161,"column":4},"end":{"line":163,"column":5}},"51":{"start":{"line":162,"column":6},"end":{"line":162,"column":65}},"52":{"start":{"line":165,"column":4},"end":{"line":165,"column":49}},"53":{"start":{"line":166,"column":4},"end":{"line":166,"column":58}},"54":{"start":{"line":168,"column":4},"end":{"line":168,"column":45}},"55":{"start":{"line":169,"column":4},"end":{"line":169,"column":28}},"56":{"start":{"line":170,"column":4},"end":{"line":170,"column":74}},"57":{"start":{"line":172,"column":4},"end":{"line":172,"column":60}}},"fnMap":{"0":{"name":"createUser","decl":{"start":{"line":41,"column":15},"end":{"line":41,"column":25}},"loc":{"start":{"line":41,"column":36},"end":{"line":67,"column":1}},"line":41},"1":{"name":"login","decl":{"start":{"line":69,"column":15},"end":{"line":69,"column":20}},"loc":{"start":{"line":69,"column":31},"end":{"line":117,"column":1}},"line":69},"2":{"name":"onlyOneUser","decl":{"start":{"line":119,"column":15},"end":{"line":119,"column":26}},"loc":{"start":{"line":119,"column":37},"end":{"line":131,"column":1}},"line":119},"3":{"name":"deleteUser","decl":{"start":{"line":133,"column":15},"end":{"line":133,"column":25}},"loc":{"start":{"line":133,"column":36},"end":{"line":149,"column":1}},"line":133},"4":{"name":"updateUser","decl":{"start":{"line":150,"column":15},"end":{"line":150,"column":25}},"loc":{"start":{"line":150,"column":36},"end":{"line":174,"column":1}},"line":150}},"branchMap":{"0":{"loc":{"start":{"line":47,"column":4},"end":{"line":57,"column":5}},"type":"if","locations":[{"start":{"line":47,"column":4},"end":{"line":57,"column":5}},{"start":{},"end":{}}],"line":47},"1":{"loc":{"start":{"line":48,"column":6},"end":{"line":56,"column":7}},"type":"if","locations":[{"start":{"line":48,"column":6},"end":{"line":56,"column":7}},{"start":{"line":50,"column":13},"end":{"line":56,"column":7}}],"line":48},"2":{"loc":{"start":{"line":76,"column":4},"end":{"line":80,"column":5}},"type":"if","locations":[{"start":{"line":76,"column":4},"end":{"line":80,"column":5}},{"start":{},"end":{}}],"line":76},"3":{"loc":{"start":{"line":81,"column":4},"end":{"line":85,"column":5}},"type":"if","locations":[{"start":{"line":81,"column":4},"end":{"line":85,"column":5}},{"start":{},"end":{}}],"line":81},"4":{"loc":{"start":{"line":91,"column":4},"end":{"line":95,"column":5}},"type":"if","locations":[{"start":{"line":91,"column":4},"end":{"line":95,"column":5}},{"start":{},"end":{}}],"line":91},"5":{"loc":{"start":{"line":105,"column":4},"end":{"line":112,"column":5}},"type":"if","locations":[{"start":{"line":105,"column":4},"end":{"line":112,"column":5}},{"start":{},"end":{}}],"line":105},"6":{"loc":{"start":{"line":124,"column":4},"end":{"line":126,"column":5}},"type":"if","locations":[{"start":{"line":124,"column":4},"end":{"line":126,"column":5}},{"start":{},"end":{}}],"line":124},"7":{"loc":{"start":{"line":137,"column":4},"end":{"line":139,"column":5}},"type":"if","locations":[{"start":{"line":137,"column":4},"end":{"line":139,"column":5}},{"start":{},"end":{}}],"line":137},"8":{"loc":{"start":{"line":161,"column":4},"end":{"line":163,"column":5}},"type":"if","locations":[{"start":{"line":161,"column":4},"end":{"line":163,"column":5}},{"start":{},"end":{}}],"line":161},"9":{"loc":{"start":{"line":165,"column":23},"end":{"line":165,"column":48}},"type":"binary-expr","locations":[{"start":{"line":165,"column":23},"end":{"line":165,"column":28}},{"start":{"line":165,"column":32},"end":{"line":165,"column":48}}],"line":165},"10":{"loc":{"start":{"line":166,"column":26},"end":{"line":166,"column":57}},"type":"binary-expr","locations":[{"start":{"line":166,"column":26},"end":{"line":166,"column":34}},{"start":{"line":166,"column":38},"end":{"line":166,"column":57}}],"line":166}},"s":{"0":3,"1":3,"2":3,"3":2,"4":1,"5":1,"6":0,"7":0,"8":0,"9":0,"10":1,"11":1,"12":1,"13":1,"14":5,"15":5,"16":1,"17":4,"18":1,"19":3,"20":2,"21":0,"22":2,"23":2,"24":1,"25":1,"26":1,"27":1,"28":3,"29":3,"30":3,"31":2,"32":1,"33":1,"34":1,"35":3,"36":3,"37":3,"38":2,"39":1,"40":1,"41":1,"42":1,"43":1,"44":1,"45":1,"46":3,"47":3,"48":3,"49":3,"50":2,"51":1,"52":1,"53":1,"54":1,"55":1,"56":1,"57":1},"f":{"0":3,"1":5,"2":3,"3":3,"4":3},"b":{"0":[1,1],"1":[1,0],"2":[1,4],"3":[1,3],"4":[0,2],"5":[1,1],"6":[1,1],"7":[1,1],"8":[1,1],"9":[1,0],"10":[1,0]},"inputSourceMap":null,"_coverageSchema":"1a1c01bbd47fc00a2c39e90264f33305004495a9","hash":"e8194e5235a30dbb6cc3aecd2ebca16f7e686c59"}
}
