{"C:\\Users\\Usuario\\Documents\\technical-test\\controllers\\taskController.js": {"path":"C:\\Users\\Usuario\\Documents\\technical-test\\controllers\\taskController.js","statementMap":{"0":{"start":{"line":12,"column":2},"end":{"line":18,"column":3}},"1":{"start":{"line":13,"column":17},"end":{"line":13,"column":41}},"2":{"start":{"line":14,"column":4},"end":{"line":14,"column":40}},"3":{"start":{"line":15,"column":4},"end":{"line":15,"column":73}},"4":{"start":{"line":17,"column":4},"end":{"line":17,"column":60}},"5":{"start":{"line":22,"column":2},"end":{"line":29,"column":3}},"6":{"start":{"line":23,"column":19},"end":{"line":23,"column":32}},"7":{"start":{"line":24,"column":17},"end":{"line":24,"column":40}},"8":{"start":{"line":26,"column":4},"end":{"line":26,"column":41}},"9":{"start":{"line":28,"column":4},"end":{"line":28,"column":53}},"10":{"start":{"line":33,"column":2},"end":{"line":38,"column":3}},"11":{"start":{"line":34,"column":18},"end":{"line":34,"column":32}},"12":{"start":{"line":35,"column":4},"end":{"line":35,"column":43}},"13":{"start":{"line":37,"column":4},"end":{"line":37,"column":53}},"14":{"start":{"line":42,"column":2},"end":{"line":56,"column":3}},"15":{"start":{"line":43,"column":19},"end":{"line":43,"column":32}},"16":{"start":{"line":44,"column":17},"end":{"line":44,"column":40}},"17":{"start":{"line":45,"column":4},"end":{"line":47,"column":5}},"18":{"start":{"line":46,"column":6},"end":{"line":46,"column":65}},"19":{"start":{"line":49,"column":4},"end":{"line":49,"column":32}},"20":{"start":{"line":50,"column":4},"end":{"line":50,"column":32}},"21":{"start":{"line":51,"column":4},"end":{"line":51,"column":22}},"22":{"start":{"line":52,"column":4},"end":{"line":52,"column":74}},"23":{"start":{"line":54,"column":4},"end":{"line":54,"column":23}},"24":{"start":{"line":55,"column":4},"end":{"line":55,"column":60}},"25":{"start":{"line":60,"column":2},"end":{"line":68,"column":3}},"26":{"start":{"line":61,"column":18},"end":{"line":61,"column":38}},"27":{"start":{"line":62,"column":4},"end":{"line":64,"column":5}},"28":{"start":{"line":63,"column":6},"end":{"line":63,"column":54}},"29":{"start":{"line":65,"column":4},"end":{"line":65,"column":50}},"30":{"start":{"line":67,"column":4},"end":{"line":67,"column":60}},"31":{"start":{"line":72,"column":2},"end":{"line":96,"column":3}},"32":{"start":{"line":73,"column":19},"end":{"line":73,"column":32}},"33":{"start":{"line":74,"column":4},"end":{"line":74,"column":62}},"34":{"start":{"line":76,"column":46},"end":{"line":76,"column":54}},"35":{"start":{"line":78,"column":23},"end":{"line":81,"column":6}},"36":{"start":{"line":82,"column":4},"end":{"line":82,"column":41}},"37":{"start":{"line":83,"column":4},"end":{"line":85,"column":5}},"38":{"start":{"line":84,"column":6},"end":{"line":84,"column":55}},"39":{"start":{"line":87,"column":4},"end":{"line":87,"column":49}},"40":{"start":{"line":88,"column":4},"end":{"line":88,"column":67}},"41":{"start":{"line":89,"column":4},"end":{"line":89,"column":37}},"42":{"start":{"line":91,"column":4},"end":{"line":91,"column":28}},"43":{"start":{"line":92,"column":4},"end":{"line":92,"column":38}},"44":{"start":{"line":93,"column":4},"end":{"line":93,"column":74}},"45":{"start":{"line":95,"column":4},"end":{"line":95,"column":60}}},"fnMap":{"0":{"name":"createTask","decl":{"start":{"line":11,"column":15},"end":{"line":11,"column":25}},"loc":{"start":{"line":11,"column":36},"end":{"line":19,"column":1}},"line":11},"1":{"name":"getOneTask","decl":{"start":{"line":21,"column":15},"end":{"line":21,"column":25}},"loc":{"start":{"line":21,"column":36},"end":{"line":30,"column":1}},"line":21},"2":{"name":"listTasks","decl":{"start":{"line":32,"column":15},"end":{"line":32,"column":24}},"loc":{"start":{"line":32,"column":35},"end":{"line":39,"column":1}},"line":32},"3":{"name":"deleteOneTask","decl":{"start":{"line":41,"column":15},"end":{"line":41,"column":28}},"loc":{"start":{"line":41,"column":39},"end":{"line":57,"column":1}},"line":41},"4":{"name":"getAllTaskDeleted","decl":{"start":{"line":59,"column":15},"end":{"line":59,"column":32}},"loc":{"start":{"line":59,"column":43},"end":{"line":69,"column":1}},"line":59},"5":{"name":"updateTask","decl":{"start":{"line":71,"column":15},"end":{"line":71,"column":25}},"loc":{"start":{"line":71,"column":36},"end":{"line":97,"column":1}},"line":71}},"branchMap":{"0":{"loc":{"start":{"line":45,"column":4},"end":{"line":47,"column":5}},"type":"if","locations":[{"start":{"line":45,"column":4},"end":{"line":47,"column":5}},{"start":{},"end":{}}],"line":45},"1":{"loc":{"start":{"line":62,"column":4},"end":{"line":64,"column":5}},"type":"if","locations":[{"start":{"line":62,"column":4},"end":{"line":64,"column":5}},{"start":{},"end":{}}],"line":62},"2":{"loc":{"start":{"line":83,"column":4},"end":{"line":85,"column":5}},"type":"if","locations":[{"start":{"line":83,"column":4},"end":{"line":85,"column":5}},{"start":{},"end":{}}],"line":83},"3":{"loc":{"start":{"line":87,"column":23},"end":{"line":87,"column":48}},"type":"binary-expr","locations":[{"start":{"line":87,"column":23},"end":{"line":87,"column":28}},{"start":{"line":87,"column":32},"end":{"line":87,"column":48}}],"line":87},"4":{"loc":{"start":{"line":88,"column":29},"end":{"line":88,"column":66}},"type":"binary-expr","locations":[{"start":{"line":88,"column":29},"end":{"line":88,"column":40}},{"start":{"line":88,"column":44},"end":{"line":88,"column":66}}],"line":88}},"s":{"0":2,"1":2,"2":1,"3":1,"4":1,"5":2,"6":2,"7":2,"8":1,"9":1,"10":2,"11":2,"12":1,"13":1,"14":3,"15":3,"16":3,"17":2,"18":1,"19":1,"20":1,"21":1,"22":1,"23":1,"24":1,"25":3,"26":3,"27":2,"28":1,"29":1,"30":1,"31":3,"32":3,"33":3,"34":3,"35":3,"36":2,"37":2,"38":1,"39":1,"40":1,"41":1,"42":1,"43":1,"44":1,"45":1},"f":{"0":2,"1":2,"2":2,"3":3,"4":3,"5":3},"b":{"0":[1,1],"1":[1,1],"2":[1,1],"3":[1,0],"4":[1,0]},"inputSourceMap":null,"_coverageSchema":"1a1c01bbd47fc00a2c39e90264f33305004495a9","hash":"9cfac553a7761de7b8732f39c5c693c2ce93e975"}
,"C:\\Users\\Usuario\\Documents\\technical-test\\controllers\\userController.js": {"path":"C:\\Users\\Usuario\\Documents\\technical-test\\controllers\\userController.js","statementMap":{"0":{"start":{"line":9,"column":2},"end":{"line":32,"column":3}},"1":{"start":{"line":10,"column":32},"end":{"line":10,"column":40}},"2":{"start":{"line":12,"column":24},"end":{"line":12,"column":74}},"3":{"start":{"line":14,"column":4},"end":{"line":24,"column":5}},"4":{"start":{"line":15,"column":6},"end":{"line":23,"column":7}},"5":{"start":{"line":16,"column":8},"end":{"line":16,"column":76}},"6":{"start":{"line":19,"column":8},"end":{"line":19,"column":37}},"7":{"start":{"line":20,"column":8},"end":{"line":20,"column":40}},"8":{"start":{"line":21,"column":8},"end":{"line":21,"column":33}},"9":{"start":{"line":22,"column":8},"end":{"line":22,"column":65}},"10":{"start":{"line":25,"column":20},"end":{"line":25,"column":79}},"11":{"start":{"line":26,"column":4},"end":{"line":26,"column":61}},"12":{"start":{"line":28,"column":4},"end":{"line":28,"column":61}},"13":{"start":{"line":29,"column":4},"end":{"line":31,"column":66}},"14":{"start":{"line":36,"column":2},"end":{"line":82,"column":3}},"15":{"start":{"line":42,"column":4},"end":{"line":46,"column":5}},"16":{"start":{"line":43,"column":6},"end":{"line":45,"column":9}},"17":{"start":{"line":47,"column":4},"end":{"line":51,"column":5}},"18":{"start":{"line":48,"column":6},"end":{"line":50,"column":9}},"19":{"start":{"line":52,"column":17},"end":{"line":55,"column":6}},"20":{"start":{"line":57,"column":4},"end":{"line":61,"column":5}},"21":{"start":{"line":58,"column":6},"end":{"line":60,"column":9}},"22":{"start":{"line":65,"column":26},"end":{"line":68,"column":5}},"23":{"start":{"line":71,"column":4},"end":{"line":78,"column":5}},"24":{"start":{"line":72,"column":20},"end":{"line":75,"column":7}},"25":{"start":{"line":77,"column":6},"end":{"line":77,"column":40}},"26":{"start":{"line":79,"column":4},"end":{"line":79,"column":71}},"27":{"start":{"line":81,"column":4},"end":{"line":81,"column":60}},"28":{"start":{"line":86,"column":2},"end":{"line":96,"column":3}},"29":{"start":{"line":87,"column":22},"end":{"line":87,"column":33}},"30":{"start":{"line":88,"column":17},"end":{"line":88,"column":43}},"31":{"start":{"line":90,"column":4},"end":{"line":92,"column":5}},"32":{"start":{"line":91,"column":6},"end":{"line":91,"column":65}},"33":{"start":{"line":93,"column":4},"end":{"line":93,"column":41}},"34":{"start":{"line":95,"column":4},"end":{"line":95,"column":53}},"35":{"start":{"line":100,"column":2},"end":{"line":114,"column":3}},"36":{"start":{"line":101,"column":19},"end":{"line":101,"column":30}},"37":{"start":{"line":102,"column":17},"end":{"line":102,"column":40}},"38":{"start":{"line":103,"column":4},"end":{"line":105,"column":5}},"39":{"start":{"line":104,"column":6},"end":{"line":104,"column":65}},"40":{"start":{"line":107,"column":4},"end":{"line":107,"column":32}},"41":{"start":{"line":108,"column":4},"end":{"line":108,"column":32}},"42":{"start":{"line":109,"column":4},"end":{"line":109,"column":22}},"43":{"start":{"line":110,"column":4},"end":{"line":110,"column":74}},"44":{"start":{"line":112,"column":4},"end":{"line":112,"column":23}},"45":{"start":{"line":113,"column":4},"end":{"line":113,"column":60}},"46":{"start":{"line":118,"column":2},"end":{"line":139,"column":3}},"47":{"start":{"line":119,"column":19},"end":{"line":119,"column":30}},"48":{"start":{"line":120,"column":32},"end":{"line":120,"column":40}},"49":{"start":{"line":122,"column":23},"end":{"line":125,"column":6}},"50":{"start":{"line":127,"column":4},"end":{"line":129,"column":5}},"51":{"start":{"line":128,"column":6},"end":{"line":128,"column":65}},"52":{"start":{"line":131,"column":4},"end":{"line":131,"column":49}},"53":{"start":{"line":132,"column":4},"end":{"line":132,"column":58}},"54":{"start":{"line":134,"column":4},"end":{"line":134,"column":45}},"55":{"start":{"line":135,"column":4},"end":{"line":135,"column":28}},"56":{"start":{"line":136,"column":4},"end":{"line":136,"column":74}},"57":{"start":{"line":138,"column":4},"end":{"line":138,"column":60}}},"fnMap":{"0":{"name":"createUser","decl":{"start":{"line":8,"column":15},"end":{"line":8,"column":25}},"loc":{"start":{"line":8,"column":36},"end":{"line":33,"column":1}},"line":8},"1":{"name":"login","decl":{"start":{"line":35,"column":15},"end":{"line":35,"column":20}},"loc":{"start":{"line":35,"column":31},"end":{"line":83,"column":1}},"line":35},"2":{"name":"onlyOneUser","decl":{"start":{"line":85,"column":15},"end":{"line":85,"column":26}},"loc":{"start":{"line":85,"column":37},"end":{"line":97,"column":1}},"line":85},"3":{"name":"deleteUser","decl":{"start":{"line":99,"column":15},"end":{"line":99,"column":25}},"loc":{"start":{"line":99,"column":36},"end":{"line":115,"column":1}},"line":99},"4":{"name":"updateUser","decl":{"start":{"line":116,"column":15},"end":{"line":116,"column":25}},"loc":{"start":{"line":116,"column":36},"end":{"line":140,"column":1}},"line":116}},"branchMap":{"0":{"loc":{"start":{"line":14,"column":4},"end":{"line":24,"column":5}},"type":"if","locations":[{"start":{"line":14,"column":4},"end":{"line":24,"column":5}},{"start":{},"end":{}}],"line":14},"1":{"loc":{"start":{"line":15,"column":6},"end":{"line":23,"column":7}},"type":"if","locations":[{"start":{"line":15,"column":6},"end":{"line":23,"column":7}},{"start":{"line":17,"column":13},"end":{"line":23,"column":7}}],"line":15},"2":{"loc":{"start":{"line":42,"column":4},"end":{"line":46,"column":5}},"type":"if","locations":[{"start":{"line":42,"column":4},"end":{"line":46,"column":5}},{"start":{},"end":{}}],"line":42},"3":{"loc":{"start":{"line":47,"column":4},"end":{"line":51,"column":5}},"type":"if","locations":[{"start":{"line":47,"column":4},"end":{"line":51,"column":5}},{"start":{},"end":{}}],"line":47},"4":{"loc":{"start":{"line":57,"column":4},"end":{"line":61,"column":5}},"type":"if","locations":[{"start":{"line":57,"column":4},"end":{"line":61,"column":5}},{"start":{},"end":{}}],"line":57},"5":{"loc":{"start":{"line":71,"column":4},"end":{"line":78,"column":5}},"type":"if","locations":[{"start":{"line":71,"column":4},"end":{"line":78,"column":5}},{"start":{},"end":{}}],"line":71},"6":{"loc":{"start":{"line":90,"column":4},"end":{"line":92,"column":5}},"type":"if","locations":[{"start":{"line":90,"column":4},"end":{"line":92,"column":5}},{"start":{},"end":{}}],"line":90},"7":{"loc":{"start":{"line":103,"column":4},"end":{"line":105,"column":5}},"type":"if","locations":[{"start":{"line":103,"column":4},"end":{"line":105,"column":5}},{"start":{},"end":{}}],"line":103},"8":{"loc":{"start":{"line":127,"column":4},"end":{"line":129,"column":5}},"type":"if","locations":[{"start":{"line":127,"column":4},"end":{"line":129,"column":5}},{"start":{},"end":{}}],"line":127},"9":{"loc":{"start":{"line":131,"column":23},"end":{"line":131,"column":48}},"type":"binary-expr","locations":[{"start":{"line":131,"column":23},"end":{"line":131,"column":28}},{"start":{"line":131,"column":32},"end":{"line":131,"column":48}}],"line":131},"10":{"loc":{"start":{"line":132,"column":26},"end":{"line":132,"column":57}},"type":"binary-expr","locations":[{"start":{"line":132,"column":26},"end":{"line":132,"column":34}},{"start":{"line":132,"column":38},"end":{"line":132,"column":57}}],"line":132}},"s":{"0":3,"1":3,"2":3,"3":2,"4":1,"5":1,"6":0,"7":0,"8":0,"9":0,"10":1,"11":1,"12":1,"13":1,"14":5,"15":5,"16":1,"17":4,"18":1,"19":3,"20":2,"21":0,"22":2,"23":2,"24":1,"25":1,"26":1,"27":1,"28":3,"29":3,"30":3,"31":2,"32":1,"33":1,"34":1,"35":3,"36":3,"37":3,"38":2,"39":1,"40":1,"41":1,"42":1,"43":1,"44":1,"45":1,"46":3,"47":3,"48":3,"49":3,"50":2,"51":1,"52":1,"53":1,"54":1,"55":1,"56":1,"57":1},"f":{"0":3,"1":5,"2":3,"3":3,"4":3},"b":{"0":[1,1],"1":[1,0],"2":[1,4],"3":[1,3],"4":[0,2],"5":[1,1],"6":[1,1],"7":[1,1],"8":[1,1],"9":[1,0],"10":[1,0]},"inputSourceMap":null,"_coverageSchema":"1a1c01bbd47fc00a2c39e90264f33305004495a9","hash":"c0cd7045e0f88c41f8c02b10a25f07fde022fddf"}
}
