TN:
SF:controllers\userController.js
FN:41,createUser
FN:69,login
FN:119,onlyOneUser
FN:133,deleteUser
FN:150,updateUser
FNF:5
FNH:5
FNDA:3,createUser
FNDA:5,login
FNDA:3,onlyOneUser
FNDA:3,deleteUser
FNDA:3,updateUser
DA:42,3
DA:43,3
DA:45,3
DA:47,2
DA:48,1
DA:49,1
DA:52,0
DA:53,0
DA:54,0
DA:55,0
DA:59,1
DA:60,1
DA:62,1
DA:63,1
DA:70,5
DA:76,5
DA:77,1
DA:81,4
DA:82,1
DA:86,3
DA:91,2
DA:92,0
DA:99,2
DA:105,2
DA:106,1
DA:111,1
DA:113,1
DA:115,1
DA:120,3
DA:121,3
DA:122,3
DA:124,2
DA:125,1
DA:127,1
DA:129,1
DA:134,3
DA:135,3
DA:136,3
DA:137,2
DA:138,1
DA:141,1
DA:142,1
DA:143,1
DA:144,1
DA:146,1
DA:147,1
DA:152,3
DA:153,3
DA:154,3
DA:156,3
DA:161,2
DA:162,1
DA:165,1
DA:166,1
DA:168,1
DA:169,1
DA:170,1
DA:172,1
LF:58
LH:53
BRDA:47,0,0,1
BRDA:47,0,1,1
BRDA:48,1,0,1
BRDA:48,1,1,0
BRDA:76,2,0,1
BRDA:76,2,1,4
BRDA:81,3,0,1
BRDA:81,3,1,3
BRDA:91,4,0,0
BRDA:91,4,1,2
BRDA:105,5,0,1
BRDA:105,5,1,1
BRDA:124,6,0,1
BRDA:124,6,1,1
BRDA:137,7,0,1
BRDA:137,7,1,1
BRDA:161,8,0,1
BRDA:161,8,1,1
BRDA:165,9,0,1
BRDA:165,9,1,0
BRDA:166,10,0,1
BRDA:166,10,1,0
BRF:22
BRH:18
end_of_record
