TN:
SF:controllers\taskController.js
FN:11,createTask
FN:21,getOneTask
FN:32,listTasks
FN:41,deleteOneTask
FN:59,getAllTaskDeleted
FN:71,updateTask
FNF:6
FNH:6
FNDA:2,createTask
FNDA:2,getOneTask
FNDA:2,listTasks
FNDA:3,deleteOneTask
FNDA:3,getAllTaskDeleted
FNDA:3,updateTask
DA:12,2
DA:13,2
DA:14,1
DA:15,1
DA:17,1
DA:22,2
DA:23,2
DA:24,2
DA:26,1
DA:28,1
DA:33,2
DA:34,2
DA:35,1
DA:37,1
DA:42,3
DA:43,3
DA:44,3
DA:45,2
DA:46,1
DA:49,1
DA:50,1
DA:51,1
DA:52,1
DA:54,1
DA:55,1
DA:60,3
DA:61,3
DA:62,2
DA:63,1
DA:65,1
DA:67,1
DA:72,3
DA:73,3
DA:74,3
DA:76,3
DA:78,3
DA:82,2
DA:83,2
DA:84,1
DA:87,1
DA:88,1
DA:89,1
DA:91,1
DA:92,1
DA:93,1
DA:95,1
LF:46
LH:46
BRDA:45,0,0,1
BRDA:45,0,1,1
BRDA:62,1,0,1
BRDA:62,1,1,1
BRDA:83,2,0,1
BRDA:83,2,1,1
BRDA:87,3,0,1
BRDA:87,3,1,0
BRDA:88,4,0,1
BRDA:88,4,1,0
BRF:10
BRH:8
end_of_record
TN:
SF:controllers\userController.js
FN:8,createUser
FN:35,login
FN:85,onlyOneUser
FN:99,deleteUser
FN:116,updateUser
FNF:5
FNH:5
FNDA:3,createUser
FNDA:5,login
FNDA:3,onlyOneUser
FNDA:3,deleteUser
FNDA:3,updateUser
DA:9,3
DA:10,3
DA:12,3
DA:14,2
DA:15,1
DA:16,1
DA:19,0
DA:20,0
DA:21,0
DA:22,0
DA:25,1
DA:26,1
DA:28,1
DA:29,1
DA:36,5
DA:42,5
DA:43,1
DA:47,4
DA:48,1
DA:52,3
DA:57,2
DA:58,0
DA:65,2
DA:71,2
DA:72,1
DA:77,1
DA:79,1
DA:81,1
DA:86,3
DA:87,3
DA:88,3
DA:90,2
DA:91,1
DA:93,1
DA:95,1
DA:100,3
DA:101,3
DA:102,3
DA:103,2
DA:104,1
DA:107,1
DA:108,1
DA:109,1
DA:110,1
DA:112,1
DA:113,1
DA:118,3
DA:119,3
DA:120,3
DA:122,3
DA:127,2
DA:128,1
DA:131,1
DA:132,1
DA:134,1
DA:135,1
DA:136,1
DA:138,1
LF:58
LH:53
BRDA:14,0,0,1
BRDA:14,0,1,1
BRDA:15,1,0,1
BRDA:15,1,1,0
BRDA:42,2,0,1
BRDA:42,2,1,4
BRDA:47,3,0,1
BRDA:47,3,1,3
BRDA:57,4,0,0
BRDA:57,4,1,2
BRDA:71,5,0,1
BRDA:71,5,1,1
BRDA:90,6,0,1
BRDA:90,6,1,1
BRDA:103,7,0,1
BRDA:103,7,1,1
BRDA:127,8,0,1
BRDA:127,8,1,1
BRDA:131,9,0,1
BRDA:131,9,1,0
BRDA:132,10,0,1
BRDA:132,10,1,0
BRF:22
BRH:18
end_of_record
